# JRE version: OpenJDK Runtime Environment (8.0_212) (build 1.8.0_212-release-1586-b4-5784211)
# Java VM: OpenJDK 64-Bit Server VM (25.212-b4-5784211 mixed mode linux-amd64 compressed oops)
Heap:
 PSYoungGen      total 327680K, used 23665K [0x00000000e0000000, 0x00000000f5e00000, 0x0000000100000000)
  eden space 302080K, 0% used [0x00000000e0000000,0x00000000e0000000,0x00000000f2700000)
  from space 25600K, 92% used [0x00000000f2c00000,0x00000000f431c4f8,0x00000000f4500000)
  to   space 20480K, 0% used [0x00000000f4a00000,0x00000000f4a00000,0x00000000f5e00000)
 ParOldGen       total 73728K, used 45150K [0x00000000a0000000, 0x00000000a4800000, 0x00000000e0000000)
  object space 73728K, 61% used [0x00000000a0000000,0x00000000a2c178e8,0x00000000a4800000)
 Metaspace       used 77770K, capacity 80458K, committed 80664K, reserved 1120256K
  class space    used 10090K, capacity 10743K, committed 10776K, reserved 1048576K
GC Heap History (10 events):
Event: 20,823 GC heap after
Heap after GC invocations=13 (full 2):
 PSYoungGen      total 173568K, used 12771K [0x00000000e0000000, 0x00000000ef280000, 0x0000000100000000)
  eden space 160768K, 0% used [0x00000000e0000000,0x00000000e0000000,0x00000000e9d00000)
  from space 12800K, 99% used [0x00000000e9d00000,0x00000000ea978f28,0x00000000ea980000)
  to   space 15872K, 0% used [0x00000000ee300000,0x00000000ee300000,0x00000000ef280000)
 ParOldGen       total 47616K, used 20155K [0x00000000a0000000, 0x00000000a2e80000, 0x00000000e0000000)
  object space 47616K, 42% used [0x00000000a0000000,0x00000000a13aee70,0x00000000a2e80000)
 Metaspace       used 45912K, capacity 47120K, committed 47272K, reserved 1089536K
  class space    used 6111K, capacity 6483K, committed 6568K, reserved 1048576K
}
Event: 25,306 GC heap before
{Heap before GC invocations=14 (full 2):
 PSYoungGen      total 173568K, used 173539K [0x00000000e0000000, 0x00000000ef280000, 0x0000000100000000)
  eden space 160768K, 100% used [0x00000000e0000000,0x00000000e9d00000,0x00000000e9d00000)
  from space 12800K, 99% used [0x00000000e9d00000,0x00000000ea978f28,0x00000000ea980000)
  to   space 15872K, 0% used [0x00000000ee300000,0x00000000ee300000,0x00000000ef280000)
 ParOldGen       total 47616K, used 20155K [0x00000000a0000000, 0x00000000a2e80000, 0x00000000e0000000)
  object space 47616K, 42% used [0x00000000a0000000,0x00000000a13aee70,0x00000000a2e80000)
 Metaspace       used 57151K, capacity 58834K, committed 59048K, reserved 1099776K
  class space    used 7643K, capacity 8098K, committed 8104K, reserved 1048576K
Event: 25,381 GC heap after
Heap after GC invocations=14 (full 2):
 PSYoungGen      total 225792K, used 15869K [0x00000000e0000000, 0x00000000eff00000, 0x0000000100000000)
  eden space 209920K, 0% used [0x00000000e0000000,0x00000000e0000000,0x00000000ecd00000)
  from space 15872K, 99% used [0x00000000ee300000,0x00000000ef27f728,0x00000000ef280000)
  to   space 22528K, 0% used [0x00000000ecd00000,0x00000000ecd00000,0x00000000ee300000)
 ParOldGen       total 47616K, used 30960K [0x00000000a0000000, 0x00000000a2e80000, 0x00000000e0000000)
  object space 47616K, 65% used [0x00000000a0000000,0x00000000a1e3c008,0x00000000a2e80000)
 Metaspace       used 57151K, capacity 58834K, committed 59048K, reserved 1099776K
  class space    used 7643K, capacity 8098K, committed 8104K, reserved 1048576K
}
Event: 25,502 GC heap before
{Heap before GC invocations=15 (full 2):
 PSYoungGen      total 225792K, used 23862K [0x00000000e0000000, 0x00000000eff00000, 0x0000000100000000)
  eden space 209920K, 3% used [0x00000000e0000000,0x00000000e07ce2b8,0x00000000ecd00000)
  from space 15872K, 99% used [0x00000000ee300000,0x00000000ef27f728,0x00000000ef280000)
  to   space 22528K, 0% used [0x00000000ecd00000,0x00000000ecd00000,0x00000000ee300000)
 ParOldGen       total 47616K, used 30960K [0x00000000a0000000, 0x00000000a2e80000, 0x00000000e0000000)
  object space 47616K, 65% used [0x00000000a0000000,0x00000000a1e3c008,0x00000000a2e80000)
 Metaspace       used 57349K, capacity 59082K, committed 59160K, reserved 1099776K
  class space    used 7671K, capacity 8138K, committed 8216K, reserved 1048576K
Event: 25,535 GC heap after
Heap after GC invocations=15 (full 2):
 PSYoungGen      total 232448K, used 368K [0x00000000e0000000, 0x00000000f6000000, 0x0000000100000000)
  eden space 209920K, 0% used [0x00000000e0000000,0x00000000e0000000,0x00000000ecd00000)
  from space 22528K, 1% used [0x00000000ecd00000,0x00000000ecd5c128,0x00000000ee300000)
  to   space 22528K, 0% used [0x00000000f4a00000,0x00000000f4a00000,0x00000000f6000000)
 ParOldGen       total 47616K, used 40769K [0x00000000a0000000, 0x00000000a2e80000, 0x00000000e0000000)
  object space 47616K, 85% used [0x00000000a0000000,0x00000000a27d0760,0x00000000a2e80000)
 Metaspace       used 57349K, capacity 59082K, committed 59160K, reserved 1099776K
  class space    used 7671K, capacity 8138K, committed 8216K, reserved 1048576K
}
Event: 25,535 GC heap before
{Heap before GC invocations=16 (full 3):
 PSYoungGen      total 232448K, used 368K [0x00000000e0000000, 0x00000000f6000000, 0x0000000100000000)
  eden space 209920K, 0% used [0x00000000e0000000,0x00000000e0000000,0x00000000ecd00000)
  from space 22528K, 1% used [0x00000000ecd00000,0x00000000ecd5c128,0x00000000ee300000)
  to   space 22528K, 0% used [0x00000000f4a00000,0x00000000f4a00000,0x00000000f6000000)
 ParOldGen       total 47616K, used 40769K [0x00000000a0000000, 0x00000000a2e80000, 0x00000000e0000000)
  object space 47616K, 85% used [0x00000000a0000000,0x00000000a27d0760,0x00000000a2e80000)
 Metaspace       used 57349K, capacity 59082K, committed 59160K, reserved 1099776K
  class space    used 7671K, capacity 8138K, committed 8216K, reserved 1048576K
Event: 25,885 GC heap after
Heap after GC invocations=16 (full 3):
 PSYoungGen      total 232448K, used 0K [0x00000000e0000000, 0x00000000f6000000, 0x0000000100000000)
  eden space 209920K, 0% used [0x00000000e0000000,0x00000000e0000000,0x00000000ecd00000)
  from space 22528K, 0% used [0x00000000ecd00000,0x00000000ecd00000,0x00000000ee300000)
  to   space 22528K, 0% used [0x00000000f4a00000,0x00000000f4a00000,0x00000000f6000000)
 ParOldGen       total 73728K, used 32334K [0x00000000a0000000, 0x00000000a4800000, 0x00000000e0000000)
  object space 73728K, 43% used [0x00000000a0000000,0x00000000a1f93b40,0x00000000a4800000)
 Metaspace       used 57314K, capacity 58956K, committed 59160K, reserved 1099776K
  class space    used 7662K, capacity 8097K, committed 8216K, reserved 1048576K
}
Event: 32,792 GC heap before
{Heap before GC invocations=17 (full 3):
 PSYoungGen      total 232448K, used 209920K [0x00000000e0000000, 0x00000000f6000000, 0x0000000100000000)
  eden space 209920K, 100% used [0x00000000e0000000,0x00000000ecd00000,0x00000000ecd00000)
  from space 22528K, 0% used [0x00000000ecd00000,0x00000000ecd00000,0x00000000ee300000)
  to   space 22528K, 0% used [0x00000000f4a00000,0x00000000f4a00000,0x00000000f6000000)
 ParOldGen       total 73728K, used 32334K [0x00000000a0000000, 0x00000000a4800000, 0x00000000e0000000)
  object space 73728K, 43% used [0x00000000a0000000,0x00000000a1f93b40,0x00000000a4800000)
 Metaspace       used 69745K, capacity 71898K, committed 72216K, reserved 1112064K
  class space    used 9413K, capacity 9904K, committed 10008K, reserved 1048576K
Event: 32,874 GC heap after
Heap after GC invocations=17 (full 3):
 PSYoungGen      total 322560K, used 20308K [0x00000000e0000000, 0x00000000f5e00000, 0x0000000100000000)
  eden space 302080K, 0% used [0x00000000e0000000,0x00000000e0000000,0x00000000f2700000)
  from space 20480K, 99% used [0x00000000f4a00000,0x00000000f5dd5310,0x00000000f5e00000)
  to   space 25600K, 0% used [0x00000000f2c00000,0x00000000f2c00000,0x00000000f4500000)
 ParOldGen       total 73728K, used 32342K [0x00000000a0000000, 0x00000000a4800000, 0x00000000e0000000)
  object space 73728K, 43% used [0x00000000a0000000,0x00000000a1f95b40,0x00000000a4800000)
 Metaspace       used 69745K, capacity 71898K, committed 72216K, reserved 1112064K
  class space    used 9413K, capacity 9904K, committed 10008K, reserved 1048576K
}
Event: 2052,640 GC heap before
{Heap before GC invocations=18 (full 3):
 PSYoungGen      total 322560K, used 322388K [0x00000000e0000000, 0x00000000f5e00000, 0x0000000100000000)
  eden space 302080K, 100% used [0x00000000e0000000,0x00000000f2700000,0x00000000f2700000)
  from space 20480K, 99% used [0x00000000f4a00000,0x00000000f5dd5310,0x00000000f5e00000)
  to   space 25600K, 0% used [0x00000000f2c00000,0x00000000f2c00000,0x00000000f4500000)
 ParOldGen       total 73728K, used 32342K [0x00000000a0000000, 0x00000000a4800000, 0x00000000e0000000)
  object space 73728K, 43% used [0x00000000a0000000,0x00000000a1f95b40,0x00000000a4800000)
 Metaspace       used 77770K, capacity 80458K, committed 80664K, reserved 1120256K
  class space    used 10090K, capacity 10743K, committed 10776K, reserved 1048576K

