# JRE version: OpenJDK Runtime Environment (8.0_212) (build 1.8.0_212-release-1586-b4-5784211)
# Java VM: OpenJDK 64-Bit Server VM (25.212-b4-5784211 mixed mode linux-amd64 compressed oops)
Heap:
 PSYoungGen      total 236032K, used 18408K [0x00000000e0000000, 0x00000000ef880000, 0x0000000100000000)
  eden space 217600K, 0% used [0x00000000e0000000,0x00000000e0000000,0x00000000ed480000)
  from space 18432K, 99% used [0x00000000ed480000,0x00000000ee67a210,0x00000000ee680000)
  to   space 15872K, 0% used [0x00000000ee900000,0x00000000ee900000,0x00000000ef880000)
 ParOldGen       total 76800K, used 54403K [0x00000000a0000000, 0x00000000a4b00000, 0x00000000e0000000)
  object space 76800K, 70% used [0x00000000a0000000,0x00000000a3520d40,0x00000000a4b00000)
 Metaspace       used 61039K, capacity 62906K, committed 63104K, reserved 1103872K
  class space    used 8258K, capacity 8744K, committed 8832K, reserved 1048576K
GC Heap History (10 events):
Event: 10,115 GC heap after
Heap after GC invocations=11 (full 1):
 PSYoungGen      total 174080K, used 11239K [0x00000000e0000000, 0x00000000eba00000, 0x0000000100000000)
  eden space 162816K, 0% used [0x00000000e0000000,0x00000000e0000000,0x00000000e9f00000)
  from space 11264K, 99% used [0x00000000eac00000,0x00000000eb6f9eb8,0x00000000eb700000)
  to   space 13312K, 0% used [0x00000000e9f00000,0x00000000e9f00000,0x00000000eac00000)
 ParOldGen       total 31232K, used 14332K [0x00000000a0000000, 0x00000000a1e80000, 0x00000000e0000000)
  object space 31232K, 45% used [0x00000000a0000000,0x00000000a0dff3b8,0x00000000a1e80000)
 Metaspace       used 34659K, capacity 35370K, committed 35456K, reserved 1079296K
  class space    used 4755K, capacity 4984K, committed 4992K, reserved 1048576K
}
Event: 10,115 GC heap before
{Heap before GC invocations=12 (full 2):
 PSYoungGen      total 174080K, used 11239K [0x00000000e0000000, 0x00000000eba00000, 0x0000000100000000)
  eden space 162816K, 0% used [0x00000000e0000000,0x00000000e0000000,0x00000000e9f00000)
  from space 11264K, 99% used [0x00000000eac00000,0x00000000eb6f9eb8,0x00000000eb700000)
  to   space 13312K, 0% used [0x00000000e9f00000,0x00000000e9f00000,0x00000000eac00000)
 ParOldGen       total 31232K, used 14332K [0x00000000a0000000, 0x00000000a1e80000, 0x00000000e0000000)
  object space 31232K, 45% used [0x00000000a0000000,0x00000000a0dff3b8,0x00000000a1e80000)
 Metaspace       used 34659K, capacity 35370K, committed 35456K, reserved 1079296K
  class space    used 4755K, capacity 4984K, committed 4992K, reserved 1048576K
Event: 10,251 GC heap after
Heap after GC invocations=12 (full 2):
 PSYoungGen      total 174080K, used 0K [0x00000000e0000000, 0x00000000eba00000, 0x0000000100000000)
  eden space 162816K, 0% used [0x00000000e0000000,0x00000000e0000000,0x00000000e9f00000)
  from space 11264K, 0% used [0x00000000eac00000,0x00000000eac00000,0x00000000eb700000)
  to   space 13312K, 0% used [0x00000000e9f00000,0x00000000e9f00000,0x00000000eac00000)
 ParOldGen       total 48640K, used 20077K [0x00000000a0000000, 0x00000000a2f80000, 0x00000000e0000000)
  object space 48640K, 41% used [0x00000000a0000000,0x00000000a139b7b0,0x00000000a2f80000)
 Metaspace       used 34656K, capacity 35358K, committed 35456K, reserved 1079296K
  class space    used 4754K, capacity 4982K, committed 4992K, reserved 1048576K
}
Event: 15,951 GC heap before
{Heap before GC invocations=13 (full 2):
 PSYoungGen      total 174080K, used 162816K [0x00000000e0000000, 0x00000000eba00000, 0x0000000100000000)
  eden space 162816K, 100% used [0x00000000e0000000,0x00000000e9f00000,0x00000000e9f00000)
  from space 11264K, 0% used [0x00000000eac00000,0x00000000eac00000,0x00000000eb700000)
  to   space 13312K, 0% used [0x00000000e9f00000,0x00000000e9f00000,0x00000000eac00000)
 ParOldGen       total 48640K, used 20077K [0x00000000a0000000, 0x00000000a2f80000, 0x00000000e0000000)
  object space 48640K, 41% used [0x00000000a0000000,0x00000000a139b7b0,0x00000000a2f80000)
 Metaspace       used 49500K, capacity 50738K, committed 50944K, reserved 1093632K
  class space    used 6687K, capacity 7066K, committed 7168K, reserved 1048576K
Event: 16,012 GC heap after
Heap after GC invocations=13 (full 2):
 PSYoungGen      total 176128K, used 13310K [0x00000000e0000000, 0x00000000efa80000, 0x0000000100000000)
  eden space 162816K, 0% used [0x00000000e0000000,0x00000000e0000000,0x00000000e9f00000)
  from space 13312K, 99% used [0x00000000e9f00000,0x00000000eabff970,0x00000000eac00000)
  to   space 17920K, 0% used [0x00000000ee900000,0x00000000ee900000,0x00000000efa80000)
 ParOldGen       total 48640K, used 27114K [0x00000000a0000000, 0x00000000a2f80000, 0x00000000e0000000)
  object space 48640K, 55% used [0x00000000a0000000,0x00000000a1a7ab38,0x00000000a2f80000)
 Metaspace       used 49500K, capacity 50738K, committed 50944K, reserved 1093632K
  class space    used 6687K, capacity 7066K, committed 7168K, reserved 1048576K
}
Event: 20,067 GC heap before
{Heap before GC invocations=14 (full 2):
 PSYoungGen      total 176128K, used 121969K [0x00000000e0000000, 0x00000000efa80000, 0x0000000100000000)
  eden space 162816K, 66% used [0x00000000e0000000,0x00000000e6a1cd30,0x00000000e9f00000)
  from space 13312K, 99% used [0x00000000e9f00000,0x00000000eabff970,0x00000000eac00000)
  to   space 17920K, 0% used [0x00000000ee900000,0x00000000ee900000,0x00000000efa80000)
 ParOldGen       total 48640K, used 27114K [0x00000000a0000000, 0x00000000a2f80000, 0x00000000e0000000)
  object space 48640K, 55% used [0x00000000a0000000,0x00000000a1a7ab38,0x00000000a2f80000)
 Metaspace       used 57385K, capacity 58982K, committed 59096K, reserved 1099776K
  class space    used 7800K, capacity 8228K, committed 8320K, reserved 1048576K
Event: 20,126 GC heap after
Heap after GC invocations=14 (full 2):
 PSYoungGen      total 233472K, used 11300K [0x00000000e0000000, 0x00000000ef880000, 0x0000000100000000)
  eden space 217600K, 0% used [0x00000000e0000000,0x00000000e0000000,0x00000000ed480000)
  from space 15872K, 71% used [0x00000000ee900000,0x00000000ef4090b8,0x00000000ef880000)
  to   space 18432K, 0% used [0x00000000ed480000,0x00000000ed480000,0x00000000ee680000)
 ParOldGen       total 48640K, used 36824K [0x00000000a0000000, 0x00000000a2f80000, 0x00000000e0000000)
  object space 48640K, 75% used [0x00000000a0000000,0x00000000a23f61a0,0x00000000a2f80000)
 Metaspace       used 57385K, capacity 58982K, committed 59096K, reserved 1099776K
  class space    used 7800K, capacity 8228K, committed 8320K, reserved 1048576K
}
Event: 20,126 GC heap before
{Heap before GC invocations=15 (full 3):
 PSYoungGen      total 233472K, used 11300K [0x00000000e0000000, 0x00000000ef880000, 0x0000000100000000)
  eden space 217600K, 0% used [0x00000000e0000000,0x00000000e0000000,0x00000000ed480000)
  from space 15872K, 71% used [0x00000000ee900000,0x00000000ef4090b8,0x00000000ef880000)
  to   space 18432K, 0% used [0x00000000ed480000,0x00000000ed480000,0x00000000ee680000)
 ParOldGen       total 48640K, used 36824K [0x00000000a0000000, 0x00000000a2f80000, 0x00000000e0000000)
  object space 48640K, 75% used [0x00000000a0000000,0x00000000a23f61a0,0x00000000a2f80000)
 Metaspace       used 57385K, capacity 58982K, committed 59096K, reserved 1099776K
  class space    used 7800K, capacity 8228K, committed 8320K, reserved 1048576K
Event: 20,411 GC heap after
Heap after GC invocations=15 (full 3):
 PSYoungGen      total 233472K, used 0K [0x00000000e0000000, 0x00000000ef880000, 0x0000000100000000)
  eden space 217600K, 0% used [0x00000000e0000000,0x00000000e0000000,0x00000000ed480000)
  from space 15872K, 0% used [0x00000000ee900000,0x00000000ee900000,0x00000000ef880000)
  to   space 18432K, 0% used [0x00000000ed480000,0x00000000ed480000,0x00000000ee680000)
 ParOldGen       total 76800K, used 37006K [0x00000000a0000000, 0x00000000a4b00000, 0x00000000e0000000)
  object space 76800K, 48% used [0x00000000a0000000,0x00000000a2423a28,0x00000000a4b00000)
 Metaspace       used 57385K, capacity 58982K, committed 59096K, reserved 1099776K
  class space    used 7800K, capacity 8228K, committed 8320K, reserved 1048576K
}
Event: 34,624 GC heap before
{Heap before GC invocations=16 (full 3):
 PSYoungGen      total 233472K, used 217600K [0x00000000e0000000, 0x00000000ef880000, 0x0000000100000000)
  eden space 217600K, 100% used [0x00000000e0000000,0x00000000ed480000,0x00000000ed480000)
  from space 15872K, 0% used [0x00000000ee900000,0x00000000ee900000,0x00000000ef880000)
  to   space 18432K, 0% used [0x00000000ed480000,0x00000000ed480000,0x00000000ee680000)
 ParOldGen       total 76800K, used 37006K [0x00000000a0000000, 0x00000000a4b00000, 0x00000000e0000000)
  object space 76800K, 48% used [0x00000000a0000000,0x00000000a2423a28,0x00000000a4b00000)
 Metaspace       used 61039K, capacity 62906K, committed 63104K, reserved 1103872K
  class space    used 8258K, capacity 8744K, committed 8832K, reserved 1048576K

