# JRE version: OpenJDK Runtime Environment (8.0_212) (build 1.8.0_212-release-1586-b4-5784211)
# Java VM: OpenJDK 64-Bit Server VM (25.212-b4-5784211 mixed mode linux-amd64 compressed oops)
Heap:
 PSYoungGen      total 290816K, used 3083K [0x00000000e0000000, 0x00000000f4800000, 0x0000000100000000)
  eden space 257536K, 0% used [0x00000000e0000000,0x00000000e0000000,0x00000000efb80000)
  from space 33280K, 9% used [0x00000000efb80000,0x00000000efe82ec8,0x00000000f1c00000)
  to   space 26112K, 0% used [0x00000000f1c00000,0x00000000f1c00000,0x00000000f3580000)
 ParOldGen       total 87040K, used 70075K [0x00000000a0000000, 0x00000000a5500000, 0x00000000e0000000)
  object space 87040K, 80% used [0x00000000a0000000,0x00000000a446efa0,0x00000000a5500000)
 Metaspace       used 67182K, capacity 69338K, committed 69504K, reserved 1110016K
  class space    used 9074K, capacity 9544K, committed 9600K, reserved 1048576K
GC Heap History (10 events):
Event: 15,980 GC heap after
Heap after GC invocations=11 (full 2):
 PSYoungGen      total 186880K, used 14313K [0x00000000e0000000, 0x00000000efb80000, 0x0000000100000000)
  eden space 172544K, 0% used [0x00000000e0000000,0x00000000e0000000,0x00000000ea880000)
  from space 14336K, 99% used [0x00000000ea880000,0x00000000eb67a650,0x00000000eb680000)
  to   space 19456K, 0% used [0x00000000ee880000,0x00000000ee880000,0x00000000efb80000)
 ParOldGen       total 57344K, used 26548K [0x00000000a0000000, 0x00000000a3800000, 0x00000000e0000000)
  object space 57344K, 46% used [0x00000000a0000000,0x00000000a19ed370,0x00000000a3800000)
 Metaspace       used 49907K, capacity 51086K, committed 51328K, reserved 1093632K
  class space    used 6741K, capacity 7038K, committed 7040K, reserved 1048576K
}
Event: 20,101 GC heap before
{Heap before GC invocations=12 (full 2):
 PSYoungGen      total 186880K, used 116873K [0x00000000e0000000, 0x00000000efb80000, 0x0000000100000000)
  eden space 172544K, 59% used [0x00000000e0000000,0x00000000e6428150,0x00000000ea880000)
  from space 14336K, 99% used [0x00000000ea880000,0x00000000eb67a650,0x00000000eb680000)
  to   space 19456K, 0% used [0x00000000ee880000,0x00000000ee880000,0x00000000efb80000)
 ParOldGen       total 57344K, used 26548K [0x00000000a0000000, 0x00000000a3800000, 0x00000000e0000000)
  object space 57344K, 46% used [0x00000000a0000000,0x00000000a19ed370,0x00000000a3800000)
 Metaspace       used 57370K, capacity 58882K, committed 59008K, reserved 1099776K
  class space    used 7803K, capacity 8194K, committed 8320K, reserved 1048576K
Event: 20,216 GC heap after
Heap after GC invocations=12 (full 2):
 PSYoungGen      total 234496K, used 19442K [0x00000000e0000000, 0x00000000f0500000, 0x0000000100000000)
  eden space 215040K, 0% used [0x00000000e0000000,0x00000000e0000000,0x00000000ed200000)
  from space 19456K, 99% used [0x00000000ee880000,0x00000000efb7cb30,0x00000000efb80000)
  to   space 23040K, 0% used [0x00000000ed200000,0x00000000ed200000,0x00000000ee880000)
 ParOldGen       total 57344K, used 27941K [0x00000000a0000000, 0x00000000a3800000, 0x00000000e0000000)
  object space 57344K, 48% used [0x00000000a0000000,0x00000000a1b49770,0x00000000a3800000)
 Metaspace       used 57370K, capacity 58882K, committed 59008K, reserved 1099776K
  class space    used 7803K, capacity 8194K, committed 8320K, reserved 1048576K
}
Event: 20,216 GC heap before
{Heap before GC invocations=13 (full 3):
 PSYoungGen      total 234496K, used 19442K [0x00000000e0000000, 0x00000000f0500000, 0x0000000100000000)
  eden space 215040K, 0% used [0x00000000e0000000,0x00000000e0000000,0x00000000ed200000)
  from space 19456K, 99% used [0x00000000ee880000,0x00000000efb7cb30,0x00000000efb80000)
  to   space 23040K, 0% used [0x00000000ed200000,0x00000000ed200000,0x00000000ee880000)
 ParOldGen       total 57344K, used 27941K [0x00000000a0000000, 0x00000000a3800000, 0x00000000e0000000)
  object space 57344K, 48% used [0x00000000a0000000,0x00000000a1b49770,0x00000000a3800000)
 Metaspace       used 57370K, capacity 58882K, committed 59008K, reserved 1099776K
  class space    used 7803K, capacity 8194K, committed 8320K, reserved 1048576K
Event: 20,624 GC heap after
Heap after GC invocations=13 (full 3):
 PSYoungGen      total 234496K, used 0K [0x00000000e0000000, 0x00000000f0500000, 0x0000000100000000)
  eden space 215040K, 0% used [0x00000000e0000000,0x00000000e0000000,0x00000000ed200000)
  from space 19456K, 0% used [0x00000000ee880000,0x00000000ee880000,0x00000000efb80000)
  to   space 23040K, 0% used [0x00000000ed200000,0x00000000ed200000,0x00000000ee880000)
 ParOldGen       total 87040K, used 36388K [0x00000000a0000000, 0x00000000a5500000, 0x00000000e0000000)
  object space 87040K, 41% used [0x00000000a0000000,0x00000000a23893f8,0x00000000a5500000)
 Metaspace       used 57370K, capacity 58882K, committed 59008K, reserved 1099776K
  class space    used 7803K, capacity 8194K, committed 8320K, reserved 1048576K
}
Event: 27,619 GC heap before
{Heap before GC invocations=14 (full 3):
 PSYoungGen      total 234496K, used 215040K [0x00000000e0000000, 0x00000000f0500000, 0x0000000100000000)
  eden space 215040K, 100% used [0x00000000e0000000,0x00000000ed200000,0x00000000ed200000)
  from space 19456K, 0% used [0x00000000ee880000,0x00000000ee880000,0x00000000efb80000)
  to   space 23040K, 0% used [0x00000000ed200000,0x00000000ed200000,0x00000000ee880000)
 ParOldGen       total 87040K, used 36388K [0x00000000a0000000, 0x00000000a5500000, 0x00000000e0000000)
  object space 87040K, 41% used [0x00000000a0000000,0x00000000a23893f8,0x00000000a5500000)
 Metaspace       used 60151K, capacity 61894K, committed 62080K, reserved 1103872K
  class space    used 8141K, capacity 8548K, committed 8576K, reserved 1048576K
Event: 27,730 GC heap after
Heap after GC invocations=14 (full 3):
 PSYoungGen      total 238080K, used 22097K [0x00000000e0000000, 0x00000000f3580000, 0x0000000100000000)
  eden space 215040K, 0% used [0x00000000e0000000,0x00000000e0000000,0x00000000ed200000)
  from space 23040K, 95% used [0x00000000ed200000,0x00000000ee794480,0x00000000ee880000)
  to   space 26112K, 0% used [0x00000000f1c00000,0x00000000f1c00000,0x00000000f3580000)
 ParOldGen       total 87040K, used 36396K [0x00000000a0000000, 0x00000000a5500000, 0x00000000e0000000)
  object space 87040K, 41% used [0x00000000a0000000,0x00000000a238b3f8,0x00000000a5500000)
 Metaspace       used 60151K, capacity 61894K, committed 62080K, reserved 1103872K
  class space    used 8141K, capacity 8548K, committed 8576K, reserved 1048576K
}
Event: 32,659 GC heap before
{Heap before GC invocations=15 (full 3):
 PSYoungGen      total 238080K, used 237137K [0x00000000e0000000, 0x00000000f3580000, 0x0000000100000000)
  eden space 215040K, 100% used [0x00000000e0000000,0x00000000ed200000,0x00000000ed200000)
  from space 23040K, 95% used [0x00000000ed200000,0x00000000ee794480,0x00000000ee880000)
  to   space 26112K, 0% used [0x00000000f1c00000,0x00000000f1c00000,0x00000000f3580000)
 ParOldGen       total 87040K, used 36396K [0x00000000a0000000, 0x00000000a5500000, 0x00000000e0000000)
  object space 87040K, 41% used [0x00000000a0000000,0x00000000a238b3f8,0x00000000a5500000)
 Metaspace       used 66698K, capacity 68742K, committed 68992K, reserved 1107968K
  class space    used 9068K, capacity 9510K, committed 9600K, reserved 1048576K
Event: 32,814 GC heap after
Heap after GC invocations=15 (full 3):
 PSYoungGen      total 283648K, used 26103K [0x00000000e0000000, 0x00000000f4800000, 0x0000000100000000)
  eden space 257536K, 0% used [0x00000000e0000000,0x00000000e0000000,0x00000000efb80000)
  from space 26112K, 99% used [0x00000000f1c00000,0x00000000f357df60,0x00000000f3580000)
  to   space 33280K, 0% used [0x00000000efb80000,0x00000000efb80000,0x00000000f1c00000)
 ParOldGen       total 87040K, used 44446K [0x00000000a0000000, 0x00000000a5500000, 0x00000000e0000000)
  object space 87040K, 51% used [0x00000000a0000000,0x00000000a2b67838,0x00000000a5500000)
 Metaspace       used 66698K, capacity 68742K, committed 68992K, reserved 1107968K
  class space    used 9068K, capacity 9510K, committed 9600K, reserved 1048576K
}
Event: 36,085 GC heap before
{Heap before GC invocations=16 (full 3):
 PSYoungGen      total 283648K, used 283639K [0x00000000e0000000, 0x00000000f4800000, 0x0000000100000000)
  eden space 257536K, 100% used [0x00000000e0000000,0x00000000efb80000,0x00000000efb80000)
  from space 26112K, 99% used [0x00000000f1c00000,0x00000000f357df60,0x00000000f3580000)
  to   space 33280K, 0% used [0x00000000efb80000,0x00000000efb80000,0x00000000f1c00000)
 ParOldGen       total 87040K, used 44446K [0x00000000a0000000, 0x00000000a5500000, 0x00000000e0000000)
  object space 87040K, 51% used [0x00000000a0000000,0x00000000a2b67838,0x00000000a5500000)
 Metaspace       used 67182K, capacity 69338K, committed 69504K, reserved 1110016K
  class space    used 9074K, capacity 9544K, committed 9600K, reserved 1048576K

